# JRE version: OpenJDK Runtime Environment (8.0_152-b01) (build 1.8.0_152-release-915-b01)
# Java VM: OpenJDK 64-Bit Server VM (25.152-b01 mixed mode windows-amd64 compressed oops)
Heap:
 PSYoungGen      total 128512K, used 9080K [0x00000000e0000000, 0x00000000e9b00000, 0x0000000100000000)
  eden space 103424K, 2% used [0x00000000e0000000,0x00000000e02bc690,0x00000000e6500000)
  from space 25088K, 25% used [0x00000000e8280000,0x00000000e88a1d20,0x00000000e9b00000)
  to   space 27648K, 0% used [0x00000000e6500000,0x00000000e6500000,0x00000000e8000000)
 ParOldGen       total 215040K, used 48259K [0x00000000a0000000, 0x00000000ad200000, 0x00000000e0000000)
  object space 215040K, 22% used [0x00000000a0000000,0x00000000a2f20c88,0x00000000ad200000)
 Metaspace       used 59395K, capacity 61830K, committed 62080K, reserved 1101824K
  class space    used 8085K, capacity 8783K, committed 8832K, reserved 1048576K
GC Heap History (10 events):
Event: 16.375 GC heap before
{Heap before GC invocations=12 (full 2):
 PSYoungGen      total 89600K, used 89580K [0x00000000e0000000, 0x00000000e6e80000, 0x0000000100000000)
  eden space 77312K, 100% used [0x00000000e0000000,0x00000000e4b80000,0x00000000e4b80000)
  from space 12288K, 99% used [0x00000000e4b80000,0x00000000e577b198,0x00000000e5780000)
  to   space 14336K, 0% used [0x00000000e6080000,0x00000000e6080000,0x00000000e6e80000)
 ParOldGen       total 137216K, used 17740K [0x00000000a0000000, 0x00000000a8600000, 0x00000000e0000000)
  object space 137216K, 12% used [0x00000000a0000000,0x00000000a1153178,0x00000000a8600000)
 Metaspace       used 51002K, capacity 52702K, committed 52992K, reserved 1095680K
  class space    used 6879K, capacity 7375K, committed 7424K, reserved 1048576K
Event: 16.408 GC heap after
Heap after GC invocations=12 (full 2):
 PSYoungGen      total 96256K, used 14309K [0x00000000e0000000, 0x00000000e7480000, 0x0000000100000000)
  eden space 81920K, 0% used [0x00000000e0000000,0x00000000e0000000,0x00000000e5000000)
  from space 14336K, 99% used [0x00000000e6080000,0x00000000e6e79780,0x00000000e6e80000)
  to   space 16896K, 0% used [0x00000000e5000000,0x00000000e5000000,0x00000000e6080000)
 ParOldGen       total 137216K, used 20269K [0x00000000a0000000, 0x00000000a8600000, 0x00000000e0000000)
  object space 137216K, 14% used [0x00000000a0000000,0x00000000a13cb4f0,0x00000000a8600000)
 Metaspace       used 51002K, capacity 52702K, committed 52992K, reserved 1095680K
  class space    used 6879K, capacity 7375K, committed 7424K, reserved 1048576K
}
Event: 17.684 GC heap before
{Heap before GC invocations=13 (full 2):
 PSYoungGen      total 96256K, used 96229K [0x00000000e0000000, 0x00000000e7480000, 0x0000000100000000)
  eden space 81920K, 100% used [0x00000000e0000000,0x00000000e5000000,0x00000000e5000000)
  from space 14336K, 99% used [0x00000000e6080000,0x00000000e6e79780,0x00000000e6e80000)
  to   space 16896K, 0% used [0x00000000e5000000,0x00000000e5000000,0x00000000e6080000)
 ParOldGen       total 137216K, used 20269K [0x00000000a0000000, 0x00000000a8600000, 0x00000000e0000000)
  object space 137216K, 14% used [0x00000000a0000000,0x00000000a13cb4f0,0x00000000a8600000)
 Metaspace       used 53987K, capacity 55902K, committed 56064K, reserved 1097728K
  class space    used 7377K, capacity 7934K, committed 7936K, reserved 1048576K
Event: 17.740 GC heap after
Heap after GC invocations=13 (full 2):
 PSYoungGen      total 98816K, used 16894K [0x00000000e0000000, 0x00000000e8280000, 0x0000000100000000)
  eden space 81920K, 0% used [0x00000000e0000000,0x00000000e0000000,0x00000000e5000000)
  from space 16896K, 99% used [0x00000000e5000000,0x00000000e607f9d0,0x00000000e6080000)
  to   space 20480K, 0% used [0x00000000e6e80000,0x00000000e6e80000,0x00000000e8280000)
 ParOldGen       total 137216K, used 24395K [0x00000000a0000000, 0x00000000a8600000, 0x00000000e0000000)
  object space 137216K, 17% used [0x00000000a0000000,0x00000000a17d2da0,0x00000000a8600000)
 Metaspace       used 53987K, capacity 55902K, committed 56064K, reserved 1097728K
  class space    used 7377K, capacity 7934K, committed 7936K, reserved 1048576K
}
Event: 18.576 GC heap before
{Heap before GC invocations=14 (full 2):
 PSYoungGen      total 98816K, used 98814K [0x00000000e0000000, 0x00000000e8280000, 0x0000000100000000)
  eden space 81920K, 100% used [0x00000000e0000000,0x00000000e5000000,0x00000000e5000000)
  from space 16896K, 99% used [0x00000000e5000000,0x00000000e607f9d0,0x00000000e6080000)
  to   space 20480K, 0% used [0x00000000e6e80000,0x00000000e6e80000,0x00000000e8280000)
 ParOldGen       total 137216K, used 24395K [0x00000000a0000000, 0x00000000a8600000, 0x00000000e0000000)
  object space 137216K, 17% used [0x00000000a0000000,0x00000000a17d2da0,0x00000000a8600000)
 Metaspace       used 54882K, capacity 56972K, committed 57088K, reserved 1097728K
  class space    used 7542K, capacity 8120K, committed 8192K, reserved 1048576K
Event: 18.635 GC heap after
Heap after GC invocations=14 (full 2):
 PSYoungGen      total 107520K, used 20478K [0x00000000e0000000, 0x00000000e9100000, 0x0000000100000000)
  eden space 87040K, 0% used [0x00000000e0000000,0x00000000e0000000,0x00000000e5500000)
  from space 20480K, 99% used [0x00000000e6e80000,0x00000000e827f9d0,0x00000000e8280000)
  to   space 26112K, 0% used [0x00000000e5500000,0x00000000e5500000,0x00000000e6e80000)
 ParOldGen       total 137216K, used 32073K [0x00000000a0000000, 0x00000000a8600000, 0x00000000e0000000)
  object space 137216K, 23% used [0x00000000a0000000,0x00000000a1f52488,0x00000000a8600000)
 Metaspace       used 54882K, capacity 56972K, committed 57088K, reserved 1097728K
  class space    used 7542K, capacity 8120K, committed 8192K, reserved 1048576K
}
Event: 19.216 GC heap before
{Heap before GC invocations=15 (full 2):
 PSYoungGen      total 107520K, used 47899K [0x00000000e0000000, 0x00000000e9100000, 0x0000000100000000)
  eden space 87040K, 31% used [0x00000000e0000000,0x00000000e1ac7410,0x00000000e5500000)
  from space 20480K, 99% used [0x00000000e6e80000,0x00000000e827f9d0,0x00000000e8280000)
  to   space 26112K, 0% used [0x00000000e5500000,0x00000000e5500000,0x00000000e6e80000)
 ParOldGen       total 137216K, used 32073K [0x00000000a0000000, 0x00000000a8600000, 0x00000000e0000000)
  object space 137216K, 23% used [0x00000000a0000000,0x00000000a1f52488,0x00000000a8600000)
 Metaspace       used 56578K, capacity 58890K, committed 59028K, reserved 1099776K
  class space    used 7780K, capacity 8443K, committed 8448K, reserved 1048576K
Event: 19.266 GC heap after
Heap after GC invocations=15 (full 2):
 PSYoungGen      total 113152K, used 21611K [0x00000000e0000000, 0x00000000e9e00000, 0x0000000100000000)
  eden space 87040K, 0% used [0x00000000e0000000,0x00000000e0000000,0x00000000e5500000)
  from space 26112K, 82% used [0x00000000e5500000,0x00000000e6a1af78,0x00000000e6e80000)
  to   space 28160K, 0% used [0x00000000e8280000,0x00000000e8280000,0x00000000e9e00000)
 ParOldGen       total 137216K, used 34512K [0x00000000a0000000, 0x00000000a8600000, 0x00000000e0000000)
  object space 137216K, 25% used [0x00000000a0000000,0x00000000a21b40f8,0x00000000a8600000)
 Metaspace       used 56578K, capacity 58890K, committed 59028K, reserved 1099776K
  class space    used 7780K, capacity 8443K, committed 8448K, reserved 1048576K
}
Event: 19.266 GC heap before
{Heap before GC invocations=16 (full 3):
 PSYoungGen      total 113152K, used 21611K [0x00000000e0000000, 0x00000000e9e00000, 0x0000000100000000)
  eden space 87040K, 0% used [0x00000000e0000000,0x00000000e0000000,0x00000000e5500000)
  from space 26112K, 82% used [0x00000000e5500000,0x00000000e6a1af78,0x00000000e6e80000)
  to   space 28160K, 0% used [0x00000000e8280000,0x00000000e8280000,0x00000000e9e00000)
 ParOldGen       total 137216K, used 34512K [0x00000000a0000000, 0x00000000a8600000, 0x00000000e0000000)
  object space 137216K, 25% used [0x00000000a0000000,0x00000000a21b40f8,0x00000000a8600000)
 Metaspace       used 56578K, capacity 58890K, committed 59028K, reserved 1099776K
  class space    used 7780K, capacity 8443K, committed 8448K, reserved 1048576K
Event: 19.755 GC heap after
Heap after GC invocations=16 (full 3):
 PSYoungGen      total 113152K, used 0K [0x00000000e0000000, 0x00000000e9e00000, 0x0000000100000000)
  eden space 87040K, 0% used [0x00000000e0000000,0x00000000e0000000,0x00000000e5500000)
  from space 26112K, 0% used [0x00000000e5500000,0x00000000e5500000,0x00000000e6e80000)
  to   space 28160K, 0% used [0x00000000e8280000,0x00000000e8280000,0x00000000e9e00000)
 ParOldGen       total 215040K, used 48251K [0x00000000a0000000, 0x00000000ad200000, 0x00000000e0000000)
  object space 215040K, 22% used [0x00000000a0000000,0x00000000a2f1ec88,0x00000000ad200000)
 Metaspace       used 56578K, capacity 58890K, committed 59028K, reserved 1099776K
  class space    used 7780K, capacity 8443K, committed 8448K, reserved 1048576K
}

