# JRE version: OpenJDK Runtime Environment (8.0_152-b01) (build 1.8.0_152-release-915-b01)
# Java VM: OpenJDK 64-Bit Server VM (25.152-b01 mixed mode windows-amd64 compressed oops)
Heap:
 PSYoungGen      total 344064K, used 229553K [0x00000000e0000000, 0x00000000f7b80000, 0x0000000100000000)
  eden space 320000K, 67% used [0x00000000e0000000,0x00000000ed27d728,0x00000000f3880000)
  from space 24064K, 58% used [0x00000000f6400000,0x00000000f71aeee8,0x00000000f7b80000)
  to   space 34304K, 0% used [0x00000000f3880000,0x00000000f3880000,0x00000000f5a00000)
 ParOldGen       total 163328K, used 72322K [0x00000000a0000000, 0x00000000a9f80000, 0x00000000e0000000)
  object space 163328K, 44% used [0x00000000a0000000,0x00000000a46a0bd0,0x00000000a9f80000)
 Metaspace       used 79225K, capacity 86066K, committed 86272K, reserved 1124352K
  class space    used 10605K, capacity 12273K, committed 12288K, reserved 1048576K
GC Heap History (10 events):
Event: 87.430 GC heap before
{Heap before GC invocations=15 (full 3):
 PSYoungGen      total 183808K, used 25089K [0x00000000e0000000, 0x00000000eee00000, 0x0000000100000000)
  eden space 157184K, 0% used [0x00000000e0000000,0x00000000e0000000,0x00000000e9980000)
  from space 26624K, 94% used [0x00000000eb700000,0x00000000ecf80700,0x00000000ed100000)
  to   space 30208K, 0% used [0x00000000e9980000,0x00000000e9980000,0x00000000eb700000)
 ParOldGen       total 105472K, used 39353K [0x00000000a0000000, 0x00000000a6700000, 0x00000000e0000000)
  object space 105472K, 37% used [0x00000000a0000000,0x00000000a266e6d0,0x00000000a6700000)
 Metaspace       used 56128K, capacity 58888K, committed 59028K, reserved 1099776K
  class space    used 7623K, capacity 8360K, committed 8448K, reserved 1048576K
Event: 88.119 GC heap after
Heap after GC invocations=15 (full 3):
 PSYoungGen      total 183808K, used 0K [0x00000000e0000000, 0x00000000eee00000, 0x0000000100000000)
  eden space 157184K, 0% used [0x00000000e0000000,0x00000000e0000000,0x00000000e9980000)
  from space 26624K, 0% used [0x00000000eb700000,0x00000000eb700000,0x00000000ed100000)
  to   space 30208K, 0% used [0x00000000e9980000,0x00000000e9980000,0x00000000eb700000)
 ParOldGen       total 163328K, used 60751K [0x00000000a0000000, 0x00000000a9f80000, 0x00000000e0000000)
  object space 163328K, 37% used [0x00000000a0000000,0x00000000a3b53d60,0x00000000a9f80000)
 Metaspace       used 56128K, capacity 58888K, committed 59028K, reserved 1099776K
  class space    used 7623K, capacity 8360K, committed 8448K, reserved 1048576K
}
Event: 362.146 GC heap before
{Heap before GC invocations=16 (full 3):
 PSYoungGen      total 183808K, used 157184K [0x00000000e0000000, 0x00000000eee00000, 0x0000000100000000)
  eden space 157184K, 100% used [0x00000000e0000000,0x00000000e9980000,0x00000000e9980000)
  from space 26624K, 0% used [0x00000000eb700000,0x00000000eb700000,0x00000000ed100000)
  to   space 30208K, 0% used [0x00000000e9980000,0x00000000e9980000,0x00000000eb700000)
 ParOldGen       total 163328K, used 60751K [0x00000000a0000000, 0x00000000a9f80000, 0x00000000e0000000)
  object space 163328K, 37% used [0x00000000a0000000,0x00000000a3b53d60,0x00000000a9f80000)
 Metaspace       used 62263K, capacity 65962K, committed 66048K, reserved 1105920K
  class space    used 8246K, capacity 9211K, committed 9216K, reserved 1048576K
Event: 362.179 GC heap after
Heap after GC invocations=16 (full 3):
 PSYoungGen      total 187392K, used 12655K [0x00000000e0000000, 0x00000000f1c80000, 0x0000000100000000)
  eden space 157184K, 0% used [0x00000000e0000000,0x00000000e0000000,0x00000000e9980000)
  from space 30208K, 41% used [0x00000000e9980000,0x00000000ea5dbe78,0x00000000eb700000)
  to   space 28672K, 0% used [0x00000000f0080000,0x00000000f0080000,0x00000000f1c80000)
 ParOldGen       total 163328K, used 60759K [0x00000000a0000000, 0x00000000a9f80000, 0x00000000e0000000)
  object space 163328K, 37% used [0x00000000a0000000,0x00000000a3b55d60,0x00000000a9f80000)
 Metaspace       used 62263K, capacity 65962K, committed 66048K, reserved 1105920K
  class space    used 8246K, capacity 9211K, committed 9216K, reserved 1048576K
}
Event: 371.359 GC heap before
{Heap before GC invocations=17 (full 3):
 PSYoungGen      total 187392K, used 169839K [0x00000000e0000000, 0x00000000f1c80000, 0x0000000100000000)
  eden space 157184K, 100% used [0x00000000e0000000,0x00000000e9980000,0x00000000e9980000)
  from space 30208K, 41% used [0x00000000e9980000,0x00000000ea5dbe78,0x00000000eb700000)
  to   space 28672K, 0% used [0x00000000f0080000,0x00000000f0080000,0x00000000f1c80000)
 ParOldGen       total 163328K, used 60759K [0x00000000a0000000, 0x00000000a9f80000, 0x00000000e0000000)
  object space 163328K, 37% used [0x00000000a0000000,0x00000000a3b55d60,0x00000000a9f80000)
 Metaspace       used 64497K, capacity 69016K, committed 69120K, reserved 1107968K
  class space    used 8576K, capacity 9691K, committed 9728K, reserved 1048576K
Event: 371.452 GC heap after
Heap after GC invocations=17 (full 3):
 PSYoungGen      total 258560K, used 28394K [0x00000000e0000000, 0x00000000f2080000, 0x0000000100000000)
  eden space 229888K, 0% used [0x00000000e0000000,0x00000000e0000000,0x00000000ee080000)
  from space 28672K, 99% used [0x00000000f0080000,0x00000000f1c3a9b8,0x00000000f1c80000)
  to   space 32768K, 0% used [0x00000000ee080000,0x00000000ee080000,0x00000000f0080000)
 ParOldGen       total 163328K, used 60767K [0x00000000a0000000, 0x00000000a9f80000, 0x00000000e0000000)
  object space 163328K, 37% used [0x00000000a0000000,0x00000000a3b57d60,0x00000000a9f80000)
 Metaspace       used 64497K, capacity 69016K, committed 69120K, reserved 1107968K
  class space    used 8576K, capacity 9691K, committed 9728K, reserved 1048576K
}
Event: 422.479 GC heap before
{Heap before GC invocations=18 (full 3):
 PSYoungGen      total 258560K, used 258282K [0x00000000e0000000, 0x00000000f2080000, 0x0000000100000000)
  eden space 229888K, 100% used [0x00000000e0000000,0x00000000ee080000,0x00000000ee080000)
  from space 28672K, 99% used [0x00000000f0080000,0x00000000f1c3a9b8,0x00000000f1c80000)
  to   space 32768K, 0% used [0x00000000ee080000,0x00000000ee080000,0x00000000f0080000)
 ParOldGen       total 163328K, used 60767K [0x00000000a0000000, 0x00000000a9f80000, 0x00000000e0000000)
  object space 163328K, 37% used [0x00000000a0000000,0x00000000a3b57d60,0x00000000a9f80000)
 Metaspace       used 65932K, capacity 71026K, committed 71296K, reserved 1110016K
  class space    used 8736K, capacity 10004K, committed 10112K, reserved 1048576K
Event: 422.545 GC heap after
Heap after GC invocations=18 (full 3):
 PSYoungGen      total 262656K, used 27785K [0x00000000e0000000, 0x00000000f8700000, 0x0000000100000000)
  eden space 229888K, 0% used [0x00000000e0000000,0x00000000e0000000,0x00000000ee080000)
  from space 32768K, 84% used [0x00000000ee080000,0x00000000efba27a8,0x00000000f0080000)
  to   space 35840K, 0% used [0x00000000f6400000,0x00000000f6400000,0x00000000f8700000)
 ParOldGen       total 163328K, used 60775K [0x00000000a0000000, 0x00000000a9f80000, 0x00000000e0000000)
  object space 163328K, 37% used [0x00000000a0000000,0x00000000a3b59d60,0x00000000a9f80000)
 Metaspace       used 65932K, capacity 71026K, committed 71296K, reserved 1110016K
  class space    used 8736K, capacity 10004K, committed 10112K, reserved 1048576K
}
Event: 1697.859 GC heap before
{Heap before GC invocations=19 (full 3):
 PSYoungGen      total 262656K, used 257673K [0x00000000e0000000, 0x00000000f8700000, 0x0000000100000000)
  eden space 229888K, 100% used [0x00000000e0000000,0x00000000ee080000,0x00000000ee080000)
  from space 32768K, 84% used [0x00000000ee080000,0x00000000efba27a8,0x00000000f0080000)
  to   space 35840K, 0% used [0x00000000f6400000,0x00000000f6400000,0x00000000f8700000)
 ParOldGen       total 163328K, used 60775K [0x00000000a0000000, 0x00000000a9f80000, 0x00000000e0000000)
  object space 163328K, 37% used [0x00000000a0000000,0x00000000a3b59d60,0x00000000a9f80000)
 Metaspace       used 71687K, capacity 77648K, committed 77824K, reserved 1116160K
  class space    used 9492K, capacity 10942K, committed 11008K, reserved 1048576K
Event: 1697.925 GC heap after
Heap after GC invocations=19 (full 3):
 PSYoungGen      total 344064K, used 14011K [0x00000000e0000000, 0x00000000f7b80000, 0x0000000100000000)
  eden space 320000K, 0% used [0x00000000e0000000,0x00000000e0000000,0x00000000f3880000)
  from space 24064K, 58% used [0x00000000f6400000,0x00000000f71aeee8,0x00000000f7b80000)
  to   space 34304K, 0% used [0x00000000f3880000,0x00000000f3880000,0x00000000f5a00000)
 ParOldGen       total 163328K, used 72322K [0x00000000a0000000, 0x00000000a9f80000, 0x00000000e0000000)
  object space 163328K, 44% used [0x00000000a0000000,0x00000000a46a0bd0,0x00000000a9f80000)
 Metaspace       used 71687K, capacity 77648K, committed 77824K, reserved 1116160K
  class space    used 9492K, capacity 10942K, committed 11008K, reserved 1048576K
}

